<?xml version="1.0" encoding="UTF-8"?>
<!-- Generated by org.testng.reporters.JUnitReportReporter -->
<testsuite hostname="TYSS-Sreelatha" failures="0" tests="2" name="com.tyss.basics.TestNGExtentReport" time="3.010" errors="0" timestamp="2023-07-06T15:25:24 IST" skipped="0">
  <testcase classname="com.tyss.basics.TestNGExtentReport" name="test" time="3.007"/>
  <system-out/>
  <testcase classname="com.tyss.basics.TestNGExtentReport" name="test1" time="0.003"/>
  <system-out/>
</testsuite> <!-- com.tyss.basics.TestNGExtentReport -->
