<?xml version="1.0" encoding="UTF-8"?>
<!-- Generated by org.testng.reporters.JUnitReportReporter -->
<testsuite hostname="TYSS-Sreelatha" failures="0" tests="1" name="com.tyss.basics.PepperFry" time="18.821" errors="0" timestamp="2023-07-06T15:30:13 IST" skipped="0">
  <testcase classname="com.tyss.basics.PepperFry" name="TC_PepperFry_01" time="18.821"/>
  <system-out/>
</testsuite> <!-- com.tyss.basics.PepperFry -->
