<?xml version="1.0" encoding="UTF-8"?>
<!-- Generated by org.testng.reporters.JUnitReportReporter -->
<testsuite hostname="TYSS-Sreelatha" failures="0" tests="1" name="com.tyss.basics.LoginFlipkart" time="1.826" errors="0" timestamp="2023-06-22T11:43:45 IST" skipped="0">
  <testcase classname="com.tyss.basics.LoginFlipkart" name="name" time="1.826"/>
  <system-out/>
</testsuite> <!-- com.tyss.basics.LoginFlipkart -->
