<?xml version="1.0" encoding="UTF-8"?>
<!-- Generated by org.testng.reporters.JUnitReportReporter -->
<testsuite hostname="TYSS-Sreelatha" failures="0" tests="1" name="com.tyss.basics.TestngImplementation" time="3.555" errors="0" timestamp="2023-07-06T15:31:32 IST" skipped="0">
  <testcase classname="com.tyss.basics.TestngImplementation" name="name" time="3.555"/>
  <system-out/>
</testsuite> <!-- com.tyss.basics.TestngImplementation -->
